{"C:\\Projetos\\Temporario\\temp-nestjs-test\\src\\main.ts": {"path":"C:\\Projetos\\Temporario\\temp-nestjs-test\\src\\main.ts","statementMap":{"0":{"start":{"line":1,"column":0},"end":{"line":1,"column":42}},"1":{"start":{"line":2,"column":0},"end":{"line":2,"column":44}},"2":{"start":{"line":5,"column":14},"end":{"line":5,"column":49}},"3":{"start":{"line":7,"column":2},"end":{"line":7,"column":null}},"4":{"start":{"line":10,"column":0},"end":{"line":10,"column":null}}},"fnMap":{"0":{"name":"bootstrap","decl":{"start":{"line":4,"column":15},"end":{"line":4,"column":24}},"loc":{"start":{"line":4,"column":24},"end":{"line":8,"column":1}}}},"branchMap":{},"s":{"0":0,"1":0,"2":0,"3":0,"4":0},"f":{"0":0},"b":{}}
,"C:\\Projetos\\Temporario\\temp-nestjs-test\\src\\app\\app.controller.ts": {"path":"C:\\Projetos\\Temporario\\temp-nestjs-test\\src\\app\\app.controller.ts","statementMap":{"0":{"start":{"line":1,"column":0},"end":{"line":1,"column":58}},"1":{"start":{"line":2,"column":0},"end":{"line":2,"column":42}},"2":{"start":{"line":5,"column":7},"end":{"line":15,"column":null}},"3":{"start":{"line":6,"column":31},"end":{"line":6,"column":43}},"4":{"start":{"line":11,"column":21},"end":{"line":11,"column":50}},"5":{"start":{"line":13,"column":4},"end":{"line":13,"column":null}},"6":{"start":{"line":10,"column":8},"end":{"line":14,"column":null}},"7":{"start":{"line":5,"column":13},"end":{"line":15,"column":null}},"8":{"start":{"line":5,"column":13},"end":{"line":5,"column":26}}},"fnMap":{"0":{"name":"(anonymous_2)","decl":{"start":{"line":6,"column":2},"end":{"line":6,"column":31}},"loc":{"start":{"line":6,"column":53},"end":{"line":6,"column":58}}},"1":{"name":"(anonymous_3)","decl":{"start":{"line":10,"column":2},"end":{"line":10,"column":7}},"loc":{"start":{"line":10,"column":13},"end":{"line":14,"column":3}}}},"branchMap":{},"s":{"0":2,"1":2,"2":2,"3":3,"4":1,"5":1,"6":2,"7":2,"8":2},"f":{"0":3,"1":1},"b":{}}
,"C:\\Projetos\\Temporario\\temp-nestjs-test\\src\\app\\app.module.ts": {"path":"C:\\Projetos\\Temporario\\temp-nestjs-test\\src\\app\\app.module.ts","statementMap":{"0":{"start":{"line":1,"column":0},"end":{"line":1,"column":39}},"1":{"start":{"line":2,"column":0},"end":{"line":2,"column":60}},"2":{"start":{"line":3,"column":0},"end":{"line":3,"column":48}},"3":{"start":{"line":4,"column":0},"end":{"line":4,"column":48}},"4":{"start":{"line":5,"column":0},"end":{"line":5,"column":48}},"5":{"start":{"line":6,"column":0},"end":{"line":6,"column":42}},"6":{"start":{"line":13,"column":7},"end":{"line":13,"column":null}},"7":{"start":{"line":13,"column":13},"end":{"line":13,"column":null}},"8":{"start":{"line":13,"column":13},"end":{"line":13,"column":22}}},"fnMap":{},"branchMap":{},"s":{"0":1,"1":1,"2":1,"3":1,"4":1,"5":1,"6":1,"7":1,"8":1},"f":{},"b":{}}
,"C:\\Projetos\\Temporario\\temp-nestjs-test\\src\\app\\app.service.ts": {"path":"C:\\Projetos\\Temporario\\temp-nestjs-test\\src\\app\\app.service.ts","statementMap":{"0":{"start":{"line":1,"column":0},"end":{"line":1,"column":43}},"1":{"start":{"line":4,"column":7},"end":{"line":14,"column":null}},"2":{"start":{"line":6,"column":20},"end":{"line":10,"column":null}},"3":{"start":{"line":12,"column":4},"end":{"line":12,"column":null}},"4":{"start":{"line":4,"column":13},"end":{"line":14,"column":null}},"5":{"start":{"line":4,"column":13},"end":{"line":4,"column":23}}},"fnMap":{"0":{"name":"(anonymous_1)","decl":{"start":{"line":5,"column":2},"end":{"line":5,"column":7}},"loc":{"start":{"line":5,"column":13},"end":{"line":13,"column":3}}}},"branchMap":{},"s":{"0":3,"1":3,"2":1,"3":1,"4":3,"5":3},"f":{"0":1},"b":{}}
,"C:\\Projetos\\Temporario\\temp-nestjs-test\\src\\database\\database.module.ts": {"path":"C:\\Projetos\\Temporario\\temp-nestjs-test\\src\\database\\database.module.ts","statementMap":{"0":{"start":{"line":1,"column":0},"end":{"line":1,"column":39}},"1":{"start":{"line":2,"column":0},"end":{"line":2,"column":52}},"2":{"start":{"line":8,"column":7},"end":{"line":8,"column":null}},"3":{"start":{"line":8,"column":13},"end":{"line":8,"column":null}},"4":{"start":{"line":8,"column":13},"end":{"line":8,"column":27}}},"fnMap":{},"branchMap":{},"s":{"0":4,"1":4,"2":4,"3":4,"4":4},"f":{},"b":{}}
,"C:\\Projetos\\Temporario\\temp-nestjs-test\\src\\database\\database.service.ts": {"path":"C:\\Projetos\\Temporario\\temp-nestjs-test\\src\\database\\database.service.ts","statementMap":{"0":{"start":{"line":1,"column":0},"end":{"line":1,"column":43}},"1":{"start":{"line":2,"column":0},"end":{"line":2,"column":45}},"2":{"start":{"line":5,"column":7},"end":{"line":7,"column":null}},"3":{"start":{"line":6,"column":18},"end":{"line":6,"column":26}},"4":{"start":{"line":5,"column":13},"end":{"line":7,"column":null}},"5":{"start":{"line":5,"column":13},"end":{"line":5,"column":28}}},"fnMap":{"0":{"name":"(anonymous_2)","decl":{"start":{"line":6,"column":2},"end":{"line":6,"column":18}},"loc":{"start":{"line":6,"column":2},"end":{"line":6,"column":27}}}},"branchMap":{},"s":{"0":9,"1":9,"2":9,"3":4,"4":9,"5":9},"f":{"0":4},"b":{}}
,"C:\\Projetos\\Temporario\\temp-nestjs-test\\src\\rule\\rule.controller.ts": {"path":"C:\\Projetos\\Temporario\\temp-nestjs-test\\src\\rule\\rule.controller.ts","statementMap":{"0":{"start":{"line":1,"column":0},"end":{"line":1,"column":78}},"1":{"start":{"line":3,"column":0},"end":{"line":3,"column":42}},"2":{"start":{"line":4,"column":0},"end":{"line":4,"column":44}},"3":{"start":{"line":7,"column":7},"end":{"line":31,"column":null}},"4":{"start":{"line":8,"column":31},"end":{"line":8,"column":44}},"5":{"start":{"line":13,"column":17},"end":{"line":13,"column":56}},"6":{"start":{"line":15,"column":4},"end":{"line":15,"column":null}},"7":{"start":{"line":21,"column":18},"end":{"line":21,"column":52}},"8":{"start":{"line":23,"column":4},"end":{"line":23,"column":null}},"9":{"start":{"line":29,"column":4},"end":{"line":29,"column":null}},"10":{"start":{"line":12,"column":8},"end":{"line":16,"column":null}},"11":{"start":{"line":20,"column":8},"end":{"line":24,"column":null}},"12":{"start":{"line":28,"column":8},"end":{"line":30,"column":null}},"13":{"start":{"line":7,"column":13},"end":{"line":31,"column":null}},"14":{"start":{"line":7,"column":13},"end":{"line":7,"column":27}}},"fnMap":{"0":{"name":"(anonymous_4)","decl":{"start":{"line":8,"column":2},"end":{"line":8,"column":31}},"loc":{"start":{"line":8,"column":55},"end":{"line":8,"column":60}}},"1":{"name":"(anonymous_5)","decl":{"start":{"line":12,"column":2},"end":{"line":12,"column":7}},"loc":{"start":{"line":12,"column":46},"end":{"line":16,"column":3}}},"2":{"name":"(anonymous_6)","decl":{"start":{"line":20,"column":2},"end":{"line":20,"column":7}},"loc":{"start":{"line":20,"column":17},"end":{"line":24,"column":3}}},"3":{"name":"(anonymous_7)","decl":{"start":{"line":28,"column":2},"end":{"line":28,"column":7}},"loc":{"start":{"line":28,"column":19},"end":{"line":30,"column":3}}}},"branchMap":{},"s":{"0":3,"1":3,"2":3,"3":3,"4":6,"5":1,"6":1,"7":1,"8":1,"9":1,"10":3,"11":3,"12":3,"13":3,"14":3},"f":{"0":6,"1":1,"2":1,"3":1},"b":{}}
,"C:\\Projetos\\Temporario\\temp-nestjs-test\\src\\rule\\rule.dto.ts": {"path":"C:\\Projetos\\Temporario\\temp-nestjs-test\\src\\rule\\rule.dto.ts","statementMap":{"0":{"start":{"line":1,"column":0},"end":{"line":1,"column":13}}},"fnMap":{},"branchMap":{},"s":{"0":3},"f":{},"b":{}}
,"C:\\Projetos\\Temporario\\temp-nestjs-test\\src\\rule\\rule.module.ts": {"path":"C:\\Projetos\\Temporario\\temp-nestjs-test\\src\\rule\\rule.module.ts","statementMap":{"0":{"start":{"line":1,"column":0},"end":{"line":1,"column":39}},"1":{"start":{"line":2,"column":0},"end":{"line":2,"column":60}},"2":{"start":{"line":3,"column":0},"end":{"line":3,"column":50}},"3":{"start":{"line":4,"column":0},"end":{"line":4,"column":44}},"4":{"start":{"line":11,"column":7},"end":{"line":11,"column":null}},"5":{"start":{"line":11,"column":13},"end":{"line":11,"column":null}},"6":{"start":{"line":11,"column":13},"end":{"line":11,"column":23}}},"fnMap":{},"branchMap":{},"s":{"0":2,"1":2,"2":2,"3":2,"4":2,"5":2,"6":2},"f":{},"b":{}}
,"C:\\Projetos\\Temporario\\temp-nestjs-test\\src\\rule\\rule.service.ts": {"path":"C:\\Projetos\\Temporario\\temp-nestjs-test\\src\\rule\\rule.service.ts","statementMap":{"0":{"start":{"line":1,"column":0},"end":{"line":1,"column":67}},"1":{"start":{"line":3,"column":0},"end":{"line":3,"column":62}},"2":{"start":{"line":7,"column":7},"end":{"line":33,"column":null}},"3":{"start":{"line":8,"column":31},"end":{"line":8,"column":48}},"4":{"start":{"line":11,"column":17},"end":{"line":11,"column":75}},"5":{"start":{"line":13,"column":4},"end":{"line":13,"column":null}},"6":{"start":{"line":13,"column":14},"end":{"line":13,"column":null}},"7":{"start":{"line":17,"column":4},"end":{"line":17,"column":null}},"8":{"start":{"line":19,"column":17},"end":{"line":19,"column":65}},"9":{"start":{"line":21,"column":4},"end":{"line":21,"column":null}},"10":{"start":{"line":25,"column":18},"end":{"line":25,"column":94}},"11":{"start":{"line":27,"column":4},"end":{"line":27,"column":null}},"12":{"start":{"line":31,"column":4},"end":{"line":31,"column":null}},"13":{"start":{"line":7,"column":13},"end":{"line":33,"column":null}},"14":{"start":{"line":7,"column":13},"end":{"line":7,"column":24}}},"fnMap":{"0":{"name":"(anonymous_2)","decl":{"start":{"line":8,"column":2},"end":{"line":8,"column":31}},"loc":{"start":{"line":8,"column":63},"end":{"line":8,"column":68}}},"1":{"name":"(anonymous_3)","decl":{"start":{"line":10,"column":2},"end":{"line":10,"column":7}},"loc":{"start":{"line":10,"column":50},"end":{"line":14,"column":3}}},"2":{"name":"(anonymous_4)","decl":{"start":{"line":16,"column":2},"end":{"line":16,"column":7}},"loc":{"start":{"line":16,"column":38},"end":{"line":22,"column":3}}},"3":{"name":"(anonymous_5)","decl":{"start":{"line":24,"column":2},"end":{"line":24,"column":7}},"loc":{"start":{"line":24,"column":17},"end":{"line":28,"column":3}}},"4":{"name":"(anonymous_6)","decl":{"start":{"line":30,"column":2},"end":{"line":30,"column":7}},"loc":{"start":{"line":30,"column":19},"end":{"line":32,"column":3}}}},"branchMap":{"0":{"loc":{"start":{"line":13,"column":4},"end":{"line":13,"column":null}},"type":"if","locations":[{"start":{"line":13,"column":4},"end":{"line":13,"column":null}}]}},"s":{"0":4,"1":4,"2":4,"3":7,"4":2,"5":2,"6":1,"7":1,"8":1,"9":1,"10":1,"11":1,"12":1,"13":4,"14":4},"f":{"0":7,"1":2,"2":1,"3":1,"4":1},"b":{"0":[1]}}
,"C:\\Projetos\\Temporario\\temp-nestjs-test\\src\\user\\user.controller.ts": {"path":"C:\\Projetos\\Temporario\\temp-nestjs-test\\src\\user\\user.controller.ts","statementMap":{"0":{"start":{"line":1,"column":0},"end":{"line":1,"column":78}},"1":{"start":{"line":3,"column":0},"end":{"line":3,"column":42}},"2":{"start":{"line":4,"column":0},"end":{"line":4,"column":44}},"3":{"start":{"line":7,"column":7},"end":{"line":31,"column":null}},"4":{"start":{"line":8,"column":31},"end":{"line":8,"column":44}},"5":{"start":{"line":13,"column":17},"end":{"line":13,"column":56}},"6":{"start":{"line":15,"column":4},"end":{"line":15,"column":null}},"7":{"start":{"line":21,"column":18},"end":{"line":21,"column":52}},"8":{"start":{"line":23,"column":4},"end":{"line":23,"column":null}},"9":{"start":{"line":29,"column":4},"end":{"line":29,"column":null}},"10":{"start":{"line":12,"column":8},"end":{"line":16,"column":null}},"11":{"start":{"line":20,"column":8},"end":{"line":24,"column":null}},"12":{"start":{"line":28,"column":8},"end":{"line":30,"column":null}},"13":{"start":{"line":7,"column":13},"end":{"line":31,"column":null}},"14":{"start":{"line":7,"column":13},"end":{"line":7,"column":27}}},"fnMap":{"0":{"name":"(anonymous_4)","decl":{"start":{"line":8,"column":2},"end":{"line":8,"column":31}},"loc":{"start":{"line":8,"column":55},"end":{"line":8,"column":60}}},"1":{"name":"(anonymous_5)","decl":{"start":{"line":12,"column":2},"end":{"line":12,"column":7}},"loc":{"start":{"line":12,"column":46},"end":{"line":16,"column":3}}},"2":{"name":"(anonymous_6)","decl":{"start":{"line":20,"column":2},"end":{"line":20,"column":7}},"loc":{"start":{"line":20,"column":17},"end":{"line":24,"column":3}}},"3":{"name":"(anonymous_7)","decl":{"start":{"line":28,"column":2},"end":{"line":28,"column":7}},"loc":{"start":{"line":28,"column":19},"end":{"line":30,"column":3}}}},"branchMap":{},"s":{"0":3,"1":3,"2":3,"3":3,"4":6,"5":1,"6":1,"7":1,"8":1,"9":1,"10":3,"11":3,"12":3,"13":3,"14":3},"f":{"0":6,"1":1,"2":1,"3":1},"b":{}}
,"C:\\Projetos\\Temporario\\temp-nestjs-test\\src\\user\\user.dto.ts": {"path":"C:\\Projetos\\Temporario\\temp-nestjs-test\\src\\user\\user.dto.ts","statementMap":{"0":{"start":{"line":1,"column":0},"end":{"line":1,"column":13}}},"fnMap":{},"branchMap":{},"s":{"0":3},"f":{},"b":{}}
,"C:\\Projetos\\Temporario\\temp-nestjs-test\\src\\user\\user.module.ts": {"path":"C:\\Projetos\\Temporario\\temp-nestjs-test\\src\\user\\user.module.ts","statementMap":{"0":{"start":{"line":1,"column":0},"end":{"line":1,"column":39}},"1":{"start":{"line":2,"column":0},"end":{"line":2,"column":60}},"2":{"start":{"line":3,"column":0},"end":{"line":3,"column":50}},"3":{"start":{"line":4,"column":0},"end":{"line":4,"column":44}},"4":{"start":{"line":11,"column":7},"end":{"line":11,"column":null}},"5":{"start":{"line":11,"column":13},"end":{"line":11,"column":null}},"6":{"start":{"line":11,"column":13},"end":{"line":11,"column":23}}},"fnMap":{},"branchMap":{},"s":{"0":2,"1":2,"2":2,"3":2,"4":2,"5":2,"6":2},"f":{},"b":{}}
,"C:\\Projetos\\Temporario\\temp-nestjs-test\\src\\user\\user.service.ts": {"path":"C:\\Projetos\\Temporario\\temp-nestjs-test\\src\\user\\user.service.ts","statementMap":{"0":{"start":{"line":1,"column":0},"end":{"line":1,"column":67}},"1":{"start":{"line":3,"column":0},"end":{"line":3,"column":62}},"2":{"start":{"line":7,"column":7},"end":{"line":39,"column":null}},"3":{"start":{"line":8,"column":31},"end":{"line":8,"column":48}},"4":{"start":{"line":11,"column":17},"end":{"line":11,"column":75}},"5":{"start":{"line":13,"column":4},"end":{"line":17,"column":null}},"6":{"start":{"line":14,"column":6},"end":{"line":16,"column":null}},"7":{"start":{"line":21,"column":4},"end":{"line":21,"column":null}},"8":{"start":{"line":23,"column":17},"end":{"line":23,"column":65}},"9":{"start":{"line":25,"column":4},"end":{"line":25,"column":null}},"10":{"start":{"line":29,"column":18},"end":{"line":31,"column":6}},"11":{"start":{"line":33,"column":4},"end":{"line":33,"column":null}},"12":{"start":{"line":37,"column":4},"end":{"line":37,"column":null}},"13":{"start":{"line":7,"column":13},"end":{"line":39,"column":null}},"14":{"start":{"line":7,"column":13},"end":{"line":7,"column":24}}},"fnMap":{"0":{"name":"(anonymous_2)","decl":{"start":{"line":8,"column":2},"end":{"line":8,"column":31}},"loc":{"start":{"line":8,"column":63},"end":{"line":8,"column":68}}},"1":{"name":"(anonymous_3)","decl":{"start":{"line":10,"column":2},"end":{"line":10,"column":7}},"loc":{"start":{"line":10,"column":50},"end":{"line":18,"column":3}}},"2":{"name":"(anonymous_4)","decl":{"start":{"line":20,"column":2},"end":{"line":20,"column":7}},"loc":{"start":{"line":20,"column":38},"end":{"line":26,"column":3}}},"3":{"name":"(anonymous_5)","decl":{"start":{"line":28,"column":2},"end":{"line":28,"column":7}},"loc":{"start":{"line":28,"column":17},"end":{"line":34,"column":3}}},"4":{"name":"(anonymous_6)","decl":{"start":{"line":36,"column":2},"end":{"line":36,"column":7}},"loc":{"start":{"line":36,"column":19},"end":{"line":38,"column":3}}}},"branchMap":{"0":{"loc":{"start":{"line":13,"column":4},"end":{"line":17,"column":null}},"type":"if","locations":[{"start":{"line":13,"column":4},"end":{"line":17,"column":null}}]}},"s":{"0":4,"1":4,"2":4,"3":7,"4":2,"5":2,"6":1,"7":2,"8":1,"9":1,"10":1,"11":1,"12":1,"13":4,"14":4},"f":{"0":7,"1":2,"2":2,"3":1,"4":1},"b":{"0":[1]}}
}
