TN:
SF:src\main.ts
FN:4,bootstrap
FNF:1
FNH:0
FNDA:0,bootstrap
DA:1,0
DA:2,0
DA:5,0
DA:7,0
DA:10,0
LF:5
LH:0
BRF:0
BRH:0
end_of_record
TN:
SF:src\app\app.controller.ts
FN:6,(anonymous_2)
FN:10,(anonymous_3)
FNF:2
FNH:2
FNDA:3,(anonymous_2)
FNDA:1,(anonymous_3)
DA:1,2
DA:2,2
DA:5,2
DA:6,3
DA:10,2
DA:11,1
DA:13,1
LF:7
LH:7
BRF:0
BRH:0
end_of_record
TN:
SF:src\app\app.module.ts
FNF:0
FNH:0
DA:1,1
DA:2,1
DA:3,1
DA:4,1
DA:5,1
DA:6,1
DA:13,1
LF:7
LH:7
BRF:0
BRH:0
end_of_record
TN:
SF:src\app\app.service.ts
FN:5,(anonymous_1)
FNF:1
FNH:1
FNDA:1,(anonymous_1)
DA:1,3
DA:4,3
DA:6,1
DA:12,1
LF:4
LH:4
BRF:0
BRH:0
end_of_record
TN:
SF:src\database\database.module.ts
FNF:0
FNH:0
DA:1,4
DA:2,4
DA:8,4
LF:3
LH:3
BRF:0
BRH:0
end_of_record
TN:
SF:src\database\database.service.ts
FN:6,(anonymous_2)
FNF:1
FNH:1
FNDA:4,(anonymous_2)
DA:1,9
DA:2,9
DA:5,9
DA:6,4
LF:4
LH:4
BRF:0
BRH:0
end_of_record
TN:
SF:src\rule\rule.controller.ts
FN:8,(anonymous_4)
FN:12,(anonymous_5)
FN:20,(anonymous_6)
FN:28,(anonymous_7)
FNF:4
FNH:4
FNDA:6,(anonymous_4)
FNDA:1,(anonymous_5)
FNDA:1,(anonymous_6)
FNDA:1,(anonymous_7)
DA:1,3
DA:3,3
DA:4,3
DA:7,3
DA:8,6
DA:12,3
DA:13,1
DA:15,1
DA:20,3
DA:21,1
DA:23,1
DA:28,3
DA:29,1
LF:13
LH:13
BRF:0
BRH:0
end_of_record
TN:
SF:src\rule\rule.dto.ts
FNF:0
FNH:0
DA:1,3
LF:1
LH:1
BRF:0
BRH:0
end_of_record
TN:
SF:src\rule\rule.module.ts
FNF:0
FNH:0
DA:1,2
DA:2,2
DA:3,2
DA:4,2
DA:11,2
LF:5
LH:5
BRF:0
BRH:0
end_of_record
TN:
SF:src\rule\rule.service.ts
FN:8,(anonymous_2)
FN:10,(anonymous_3)
FN:16,(anonymous_4)
FN:24,(anonymous_5)
FN:30,(anonymous_6)
FNF:5
FNH:5
FNDA:7,(anonymous_2)
FNDA:2,(anonymous_3)
FNDA:1,(anonymous_4)
FNDA:1,(anonymous_5)
FNDA:1,(anonymous_6)
DA:1,4
DA:3,4
DA:7,4
DA:8,7
DA:11,2
DA:13,2
DA:17,1
DA:19,1
DA:21,1
DA:25,1
DA:27,1
DA:31,1
LF:12
LH:12
BRDA:13,0,0,1
BRF:1
BRH:1
end_of_record
TN:
SF:src\user\user.controller.ts
FN:8,(anonymous_4)
FN:12,(anonymous_5)
FN:20,(anonymous_6)
FN:28,(anonymous_7)
FNF:4
FNH:4
FNDA:6,(anonymous_4)
FNDA:1,(anonymous_5)
FNDA:1,(anonymous_6)
FNDA:1,(anonymous_7)
DA:1,3
DA:3,3
DA:4,3
DA:7,3
DA:8,6
DA:12,3
DA:13,1
DA:15,1
DA:20,3
DA:21,1
DA:23,1
DA:28,3
DA:29,1
LF:13
LH:13
BRF:0
BRH:0
end_of_record
TN:
SF:src\user\user.dto.ts
FNF:0
FNH:0
DA:1,3
LF:1
LH:1
BRF:0
BRH:0
end_of_record
TN:
SF:src\user\user.module.ts
FNF:0
FNH:0
DA:1,2
DA:2,2
DA:3,2
DA:4,2
DA:11,2
LF:5
LH:5
BRF:0
BRH:0
end_of_record
TN:
SF:src\user\user.service.ts
FN:8,(anonymous_2)
FN:10,(anonymous_3)
FN:20,(anonymous_4)
FN:28,(anonymous_5)
FN:36,(anonymous_6)
FNF:5
FNH:5
FNDA:7,(anonymous_2)
FNDA:2,(anonymous_3)
FNDA:2,(anonymous_4)
FNDA:1,(anonymous_5)
FNDA:1,(anonymous_6)
DA:1,4
DA:3,4
DA:7,4
DA:8,7
DA:11,2
DA:13,2
DA:14,1
DA:21,2
DA:23,1
DA:25,1
DA:29,1
DA:33,1
DA:37,1
LF:13
LH:13
BRDA:13,0,0,1
BRF:1
BRH:1
end_of_record
